Unity Editor version:    2020.3.17f1 (a4537701e4ab)
Branch:                  2020.3/staging
Build type:              Release
Batch mode:              YES
macOS version:           Version 11.5.2 (Build 20G95)
Darwin version:          20.6.0
Architecture:            x86_64
Running under Rosetta:   NO
Available memory:        16384 MB
Using pre-set license
Pro License: NO

COMMAND LINE ARGUMENTS:
/Applications/Unity/Hub/Editor/2020.3.17f1/Unity.app/Contents/MacOS/Unity
-adb2
-batchMode
-noUpm
-name
AssetImportWorker0
-projectPath
/Users/maddiecole/Desktop/MothLevelBlocking/MothLevelBlocking
-logFile
Logs/AssetImportWorker0.log
-srvPort
55729
Successfully changed project path to: /Users/maddiecole/Desktop/MothLevelBlocking/MothLevelBlocking
/Users/maddiecole/Desktop/MothLevelBlocking/MothLevelBlocking
Using Asset Import Pipeline V2.
Refreshing native plugins compatible for Editor in 41.72 ms, found 2 plugins.
Preloading 0 native plugins for Editor in 0.00 ms.
Initialize engine version: 2020.3.17f1 (a4537701e4ab)
[Subsystems] Discovering subsystems at path /Applications/Unity/Hub/Editor/2020.3.17f1/Unity.app/Contents/Resources/UnitySubsystems
[Subsystems] Discovering subsystems at path /Users/maddiecole/Desktop/MothLevelBlocking/MothLevelBlocking/Assets
GfxDevice: creating device client; threaded=0
2021-09-16 15:52:38.196 Unity[8696:607534] Color LCD preferred device: Intel(R) UHD Graphics 630 (low power)
2021-09-16 15:52:38.196 Unity[8696:607534] Metal devices available: 2
2021-09-16 15:52:38.196 Unity[8696:607534] 0: AMD Radeon Pro 555X (high power)
2021-09-16 15:52:38.196 Unity[8696:607534] 1: Intel(R) UHD Graphics 630 (low power)
2021-09-16 15:52:38.197 Unity[8696:607534] Using device AMD Radeon Pro 555X (high power)
Initializing Metal device caps: AMD Radeon Pro 555X
Initialize mono
Mono path[0] = '/Applications/Unity/Hub/Editor/2020.3.17f1/Unity.app/Contents/Managed'
Mono path[1] = '/Applications/Unity/Hub/Editor/2020.3.17f1/Unity.app/Contents/MonoBleedingEdge/lib/mono/unityjit'
Mono config path = '/Applications/Unity/Hub/Editor/2020.3.17f1/Unity.app/Contents/MonoBleedingEdge/etc'
Using monoOptions --debugger-agent=transport=dt_socket,embedding=1,server=y,suspend=n,address=127.0.0.1:56696
Begin MonoManager ReloadAssembly
Registering precompiled unity dll's ...
Register platform support module: /Applications/Unity/Hub/Editor/2020.3.17f1/Unity.app/Contents/PlaybackEngines/MacStandaloneSupport/UnityEditor.OSXStandalone.Extensions.dll
Registered in 0.000691 seconds.
Native extension for OSXStandalone target not found
Refreshing native plugins compatible for Editor in 40.07 ms, found 2 plugins.
Preloading 0 native plugins for Editor in 0.00 ms.
Mono: successfully reloaded assembly
- Completed reload, in  2.575 seconds
Domain Reload Profiling:
	ReloadAssembly (2575ms)
		BeginReloadAssembly (47ms)
			ExecutionOrderSort (0ms)
			DisableScriptedObjects (0ms)
			BackupInstance (0ms)
			ReleaseScriptingObjects (0ms)
			CreateAndSetChildDomain (1ms)
		EndReloadAssembly (525ms)
			LoadAssemblies (46ms)
			RebuildTransferFunctionScriptingTraits (0ms)
			SetupTypeCache (217ms)
			ReleaseScriptCaches (0ms)
			RebuildScriptCaches (43ms)
			SetupLoadedEditorAssemblies (209ms)
				LogAssemblyErrors (0ms)
				InitializePlatformSupportModulesInManaged (4ms)
				SetLoadedEditorAssemblies (0ms)
				RefreshPlugins (40ms)
				BeforeProcessingInitializeOnLoad (10ms)
				ProcessInitializeOnLoadAttributes (122ms)
				ProcessInitializeOnLoadMethodAttributes (32ms)
				AfterProcessingInitializeOnLoad (0ms)
				EditorAssembliesLoaded (0ms)
			ExecutionOrderSort2 (0ms)
			AwakeInstancesAfterBackupRestoration (0ms)
Platform modules already initialized, skipping
Registering precompiled user dll's ...
Registered in 0.001764 seconds.
Begin MonoManager ReloadAssembly
Native extension for OSXStandalone target not found
Refreshing native plugins compatible for Editor in 0.40 ms, found 2 plugins.
Preloading 0 native plugins for Editor in 0.00 ms.
Mono: successfully reloaded assembly
- Completed reload, in  1.434 seconds
Domain Reload Profiling:
	ReloadAssembly (1434ms)
		BeginReloadAssembly (190ms)
			ExecutionOrderSort (0ms)
			DisableScriptedObjects (6ms)
			BackupInstance (0ms)
			ReleaseScriptingObjects (0ms)
			CreateAndSetChildDomain (40ms)
		EndReloadAssembly (1164ms)
			LoadAssemblies (87ms)
			RebuildTransferFunctionScriptingTraits (0ms)
			SetupTypeCache (382ms)
			ReleaseScriptCaches (0ms)
			RebuildScriptCaches (61ms)
			SetupLoadedEditorAssemblies (501ms)
				LogAssemblyErrors (0ms)
				InitializePlatformSupportModulesInManaged (6ms)
				SetLoadedEditorAssemblies (1ms)
				RefreshPlugins (0ms)
				BeforeProcessingInitializeOnLoad (66ms)
				ProcessInitializeOnLoadAttributes (421ms)
				ProcessInitializeOnLoadMethodAttributes (5ms)
				AfterProcessingInitializeOnLoad (2ms)
				EditorAssembliesLoaded (0ms)
			ExecutionOrderSort2 (0ms)
			AwakeInstancesAfterBackupRestoration (9ms)
Platform modules already initialized, skipping
Validating Project structure ... 0.003816 seconds.
Shader import version has changed; will reimport all shaders...
Upgrading shader files ...0.004838 seconds.
Application.AssetDatabase Initial Script Refresh Start
RefreshInfo: InitialScriptRefreshV2(NoUpdateAssetOptions) scanfilter:  ... 1 filters
RefreshProfiler: Total: 0.000ms
Application.AssetDatabase Initial Script Refresh End
Application.AssetDatabase.Refresh Start
Application.AssetDatabase.Refresh End
RefreshInfo: StopAssetImportingV2(ForceSynchronousImport) scanfilter: 
RefreshProfiler: Total: 0.000ms
Launching external process: /Applications/Unity/Hub/Editor/2020.3.17f1/Unity.app/Contents/Tools/UnityShaderCompiler
Launched and connected shader compiler UnityShaderCompiler after 0.01 seconds
Initializing Unity extensions:
========================================================================
Worker process is ready to serve import requests
Refreshing native plugins compatible for Editor in 0.43 ms, found 2 plugins.
Preloading 0 native plugins for Editor in 0.00 ms.
Unloading 1806 Unused Serialized files (Serialized files now loaded: 0)
System memory in use before: 182.2 MB.
System memory in use after: 181.3 MB.

Unloading 97 unused Assets to reduce memory usage. Loaded Objects now: 2277.
Total: 4.033097 ms (FindLiveObjects: 0.197087 ms CreateObjectMapping: 0.073041 ms MarkObjects: 3.161121 ms  DeleteObjects: 0.600636 ms)

AssetImportParameters requested are different than current active one (requested -> active):
  custom:video-decoder-ogg-theora: a1e56fd34408186e4bbccfd4996cb3dc -> 
  custom:container-muxer-webm: aa71ff27fc2769a1b78a27578f13a17b -> 
  custom:container-demuxer-webm: 4f35f7cbe854078d1ac9338744f61a02 -> 
  custom:container-demuxer-ogg: 62fdf1f143b41e24485cea50d1cbac27 -> 
  custom:video-encoder-webm-vp8: eb34c28f22e8b96e1ab97ce403110664 -> 
  custom:framework-osx-AVFoundation: e770b220cccbd017edd2c1fefb359320 -> 
  custom:video-decoder-webm-vp8: 9c59270c3fd7afecdb556c50c9e8de78 -> 
  custom:audio-decoder-ogg-vorbis: bf7c407c2cedff20999df2af8eb42d56 -> 
  custom:audio-encoder-webm-vorbis: bf7c407c2cedff20999df2af8eb42d56 -> 
========================================================================
Received Import Request.
  path: Assets/Materials
  artifactKey: Guid(15e8f0861f41c4234b5db34df3bcf975) Importer(815301076,1909f56bfc062723c751e8b465ee728b)
Start importing Assets/Materials using Guid(15e8f0861f41c4234b5db34df3bcf975) Importer(815301076,1909f56bfc062723c751e8b465ee728b)  -> (artifact id: '17810a694647eee2a1c7ef1ea042df57') in 0.006310 seconds 
  Import took 0.009843 seconds .

========================================================================
Received Import Request.
  Time since last request: 18.735306 seconds.
  path: Assets/Materials/New Material.mat
  artifactKey: Guid(4f3e6a8238acc4ba498eb18b14ab7ea8) Importer(815301076,1909f56bfc062723c751e8b465ee728b)
Start importing Assets/Materials/New Material.mat using Guid(4f3e6a8238acc4ba498eb18b14ab7ea8) Importer(815301076,1909f56bfc062723c751e8b465ee728b)  -> (artifact id: 'b89d012e2609a1d961dc11323fa09567') in 1.589158 seconds 
  Import took 1.592576 seconds .

========================================================================
Received Import Request.
  Time since last request: 28.914956 seconds.
  path: Assets/Materials/Tree Green 1.mat
  artifactKey: Guid(4f3e6a8238acc4ba498eb18b14ab7ea8) Importer(815301076,1909f56bfc062723c751e8b465ee728b)
Start importing Assets/Materials/Tree Green 1.mat using Guid(4f3e6a8238acc4ba498eb18b14ab7ea8) Importer(815301076,1909f56bfc062723c751e8b465ee728b)  -> (artifact id: 'b07257b46c21c4ec52938884c9ae1b6e') in 0.017518 seconds 
  Import took 0.021109 seconds .

========================================================================
Received Import Request.
  Time since last request: 937.593067 seconds.
  path: Assets/Materials/New Material.mat
  artifactKey: Guid(b4fb1178b85e24260aaf0ea4b092d7eb) Importer(815301076,1909f56bfc062723c751e8b465ee728b)
Start importing Assets/Materials/New Material.mat using Guid(b4fb1178b85e24260aaf0ea4b092d7eb) Importer(815301076,1909f56bfc062723c751e8b465ee728b)  -> (artifact id: 'a8e7310f111b5730c7935708295c6e06') in 0.017051 seconds 
  Import took 0.020578 seconds .

========================================================================
Received Import Request.
  Time since last request: 62.277994 seconds.
  path: Assets/Materials/Tree Green 2.mat
  artifactKey: Guid(b4fb1178b85e24260aaf0ea4b092d7eb) Importer(815301076,1909f56bfc062723c751e8b465ee728b)
Start importing Assets/Materials/Tree Green 2.mat using Guid(b4fb1178b85e24260aaf0ea4b092d7eb) Importer(815301076,1909f56bfc062723c751e8b465ee728b)  -> (artifact id: '25d97a3f62408ea4ba7df74c5ec156fa') in 0.021202 seconds 
  Import took 0.024788 seconds .

========================================================================
Received Import Request.
  Time since last request: 531.083924 seconds.
  path: Assets/Materials/New Material.mat
  artifactKey: Guid(524675cf5968e4828b473a50c4cffa53) Importer(815301076,1909f56bfc062723c751e8b465ee728b)
Start importing Assets/Materials/New Material.mat using Guid(524675cf5968e4828b473a50c4cffa53) Importer(815301076,1909f56bfc062723c751e8b465ee728b)  -> (artifact id: 'aad37274a10c5d69a4f06d1322bf7ebb') in 0.017737 seconds 
  Import took 0.021290 seconds .

========================================================================
Received Import Request.
  Time since last request: 50.045578 seconds.
  path: Assets/Materials/Tree Green 3.mat
  artifactKey: Guid(524675cf5968e4828b473a50c4cffa53) Importer(815301076,1909f56bfc062723c751e8b465ee728b)
Start importing Assets/Materials/Tree Green 3.mat using Guid(524675cf5968e4828b473a50c4cffa53) Importer(815301076,1909f56bfc062723c751e8b465ee728b)  -> (artifact id: 'b65aeca3bec5155d8284131881bb9590') in 0.014368 seconds 
  Import took 0.017928 seconds .

========================================================================
Received Prepare
Registering precompiled user dll's ...
Registered in 0.003382 seconds.
Begin MonoManager ReloadAssembly
Native extension for OSXStandalone target not found
Refreshing native plugins compatible for Editor in 0.44 ms, found 2 plugins.
Preloading 0 native plugins for Editor in 0.00 ms.
Mono: successfully reloaded assembly
- Completed reload, in  1.279 seconds
Domain Reload Profiling:
	ReloadAssembly (1279ms)
		BeginReloadAssembly (134ms)
			ExecutionOrderSort (0ms)
			DisableScriptedObjects (5ms)
			BackupInstance (0ms)
			ReleaseScriptingObjects (0ms)
			CreateAndSetChildDomain (63ms)
		EndReloadAssembly (1075ms)
			LoadAssemblies (78ms)
			RebuildTransferFunctionScriptingTraits (0ms)
			SetupTypeCache (383ms)
			ReleaseScriptCaches (1ms)
			RebuildScriptCaches (54ms)
			SetupLoadedEditorAssemblies (428ms)
				LogAssemblyErrors (0ms)
				InitializePlatformSupportModulesInManaged (5ms)
				SetLoadedEditorAssemblies (0ms)
				RefreshPlugins (0ms)
				BeforeProcessingInitializeOnLoad (105ms)
				ProcessInitializeOnLoadAttributes (308ms)
				ProcessInitializeOnLoadMethodAttributes (6ms)
				AfterProcessingInitializeOnLoad (1ms)
				EditorAssembliesLoaded (0ms)
			ExecutionOrderSort2 (0ms)
			AwakeInstancesAfterBackupRestoration (9ms)
Platform modules already initialized, skipping
Refreshing native plugins compatible for Editor in 0.51 ms, found 2 plugins.
Preloading 0 native plugins for Editor in 0.00 ms.
Unloading 1778 Unused Serialized files (Serialized files now loaded: 0)
System memory in use before: 183.5 MB.
System memory in use after: 183.6 MB.

Unloading 17 unused Assets to reduce memory usage. Loaded Objects now: 2319.
Total: 3.414022 ms (FindLiveObjects: 0.184980 ms CreateObjectMapping: 0.063358 ms MarkObjects: 3.084315 ms  DeleteObjects: 0.080547 ms)

AssetImportParameters requested are different than current active one (requested -> active):
  custom:video-decoder-ogg-theora: a1e56fd34408186e4bbccfd4996cb3dc -> 
  custom:container-muxer-webm: aa71ff27fc2769a1b78a27578f13a17b -> 
  custom:container-demuxer-webm: 4f35f7cbe854078d1ac9338744f61a02 -> 
  custom:container-demuxer-ogg: 62fdf1f143b41e24485cea50d1cbac27 -> 
  custom:video-encoder-webm-vp8: eb34c28f22e8b96e1ab97ce403110664 -> 
  custom:framework-osx-AVFoundation: e770b220cccbd017edd2c1fefb359320 -> 
  custom:video-decoder-webm-vp8: 9c59270c3fd7afecdb556c50c9e8de78 -> 
  custom:audio-decoder-ogg-vorbis: bf7c407c2cedff20999df2af8eb42d56 -> 
  custom:audio-encoder-webm-vorbis: bf7c407c2cedff20999df2af8eb42d56 -> 
========================================================================
Received Import Request.
  Time since last request: 569.461149 seconds.
  path: Assets/Materials/Tree Green 2.mat
  artifactKey: Guid(b4fb1178b85e24260aaf0ea4b092d7eb) Importer(815301076,1909f56bfc062723c751e8b465ee728b)
Start importing Assets/Materials/Tree Green 2.mat using Guid(b4fb1178b85e24260aaf0ea4b092d7eb) Importer(815301076,1909f56bfc062723c751e8b465ee728b)  -> (artifact id: 'c0d4e713f0a6663516624f390c1d2be2') in 0.075892 seconds 
  Import took 0.079273 seconds .

========================================================================
Received Import Request.
  Time since last request: 0.000279 seconds.
  path: Assets/Materials/Tree Green 1.mat
  artifactKey: Guid(4f3e6a8238acc4ba498eb18b14ab7ea8) Importer(815301076,1909f56bfc062723c751e8b465ee728b)
Start importing Assets/Materials/Tree Green 1.mat using Guid(4f3e6a8238acc4ba498eb18b14ab7ea8) Importer(815301076,1909f56bfc062723c751e8b465ee728b)  -> (artifact id: '3990e118ab257658b66a0506192f2f9b') in 0.015475 seconds 
  Import took 0.018739 seconds .

AssetImportWorkerClient::OnTransportError - code=2 error=End of file
